\BOOKMARK [1][-]{section.10}{\376\377\000F\000u\000r\000t\000h\000e\000r\000\040\000i\000s\000s\000u\000e\000s\000\040\000f\000o\000r\000\040\000S\000o\000f\000t\000w\000a\000r\000e\000\040\000E\000n\000g\000i\000n\000e\000e\000r\000i\000n\000g\000\040\000B\000o\000a\000r\000d\000s\000\040\000\050\000S\000E\000B\000s\000\051}{}% 1
\BOOKMARK [2][-]{subsection.10.1}{\376\377\000B\000r\000i\000e\000f\000\040\000d\000e\000f\000i\000n\000i\000t\000i\000o\000n}{section.10}% 2
\BOOKMARK [2][-]{subsection.10.2}{\376\377\000R\000e\000l\000a\000t\000i\000o\000n\000s\000h\000i\000p\000s\000\040\000o\000f\000\040\000S\000E\000B\000s\000\040\000t\000o\000\040\000E\000t\000h\000i\000c\000s\000\040\000B\000o\000a\000r\000d\000s}{section.10}% 3
\BOOKMARK [2][-]{subsection.10.3}{\376\377\000S\000E\000B\000s\000\040\000a\000r\000e\000\040\000n\000e\000c\000e\000s\000s\000a\000r\000y\000\040\000b\000u\000t\000\040\000n\000o\000t\000\040\000s\000u\000f\000f\000i\000c\000i\000e\000n\000t}{section.10}% 4
\BOOKMARK [1][-]{section.11}{\376\377\000S\000o\000f\000t\000w\000a\000r\000e\000\040\000e\000n\000g\000i\000n\000e\000e\000r\000i\000n\000g\000\040\000b\000e\000s\000t\000\040\000p\000r\000a\000c\000t\000i\000c\000e}{}% 5
\BOOKMARK [2][-]{subsection.11.1}{\376\377\000I\000n\000t\000r\000o\000d\000u\000c\000t\000i\000o\000n\000\040\000a\000n\000d\000\040\000s\000t\000a\000n\000d\000a\000r\000d\000\040\000r\000e\000f\000e\000r\000e\000n\000c\000e\000s}{section.11}% 6
\BOOKMARK [2][-]{subsection.11.2}{\376\377\000E\000s\000s\000e\000n\000t\000i\000a\000l\000\040\000c\000o\000m\000p\000o\000n\000e\000n\000t\000s\000\040\000o\000f\000\040\000b\000e\000s\000t\000\040\000p\000r\000a\000c\000t\000i\000c\000e}{section.11}% 7
\BOOKMARK [1][-]{section.12}{\376\377\000C\000o\000d\000e\000,\000\040\000d\000a\000t\000a\000,\000\040\000a\000n\000d\000\040\000p\000u\000b\000l\000i\000c\000a\000t\000i\000o\000n}{}% 8
\BOOKMARK [2][-]{subsection.12.1}{\376\377\000W\000h\000e\000n\000\040\000m\000a\000g\000i\000c\000\040\000n\000u\000m\000b\000e\000r\000s\000\040\000b\000e\000c\000o\000m\000e\000\040\000m\000a\000g\000i\000c\000\040\000c\000o\000d\000e}{section.12}% 9
\BOOKMARK [2][-]{subsection.12.2}{\376\377\000W\000h\000e\000n\000\040\000d\000a\000t\000a\000\040\000i\000s\000\040\000c\000o\000d\000e}{section.12}% 10
\BOOKMARK [2][-]{subsection.12.3}{\376\377\000E\000x\000p\000l\000o\000i\000t\000i\000n\000g\000\040\000c\000o\000d\000e\000\040\000a\000s\000\040\000d\000a\000t\000a\000\040\000f\000o\000r\000\040\000m\000o\000r\000e\000\040\000r\000e\000l\000i\000a\000b\000l\000e\000\040\000s\000c\000i\000e\000n\000c\000e}{section.12}% 11
\BOOKMARK [2][-]{subsection.12.4}{\376\377\000W\000h\000e\000n\000\040\000d\000a\000t\000a\000\040\000i\000s\000\040\000t\000e\000x\000t\000:\000\040\000E\000x\000p\000l\000o\000i\000t\000i\000n\000g\000\040\000c\000o\000d\000e\000\040\000f\000o\000r\000\040\000r\000e\000l\000i\000a\000b\000l\000e\000\040\000p\000u\000b\000l\000i\000c\000a\000t\000i\000o\000n}{section.12}% 12
\BOOKMARK [2][-]{subsection.12.5}{\376\377\000D\000a\000t\000a\000\040\000a\000n\000d\000\040\000p\000o\000l\000y\000n\000o\000m\000i\000a\000l\000s\000\040\000u\000s\000e\000d\000\040\000i\000n\000\040\000t\000h\000e\000\040\000p\000a\000p\000e\000r}{section.12}% 13
\BOOKMARK [2][-]{subsection.12.6}{\376\377\000C\000o\000m\000p\000a\000r\000i\000n\000g\000\040\000c\000o\000n\000v\000e\000n\000t\000i\000o\000n\000a\000l\000\040\000a\000n\000d\000\040\000R\000A\000P\000\040\000a\000p\000p\000r\000o\000a\000c\000h\000e\000s}{section.12}% 14
\BOOKMARK [1][-]{section.13}{\376\377\000T\000h\000e\000\040\000S\000p\000i\000e\000g\000e\000l\000h\000a\000l\000t\000e\000r\000\040\000t\000r\000u\000s\000t\000w\000o\000r\000t\000h\000i\000n\000e\000s\000s\000\040\000q\000u\000e\000s\000t\000i\000o\000n\000s}{}% 15
\BOOKMARK [2][-]{subsection.13.1}{\376\377\000H\000o\000w\000\040\000t\000r\000u\000s\000t\000w\000o\000r\000t\000h\000y\000\040\000a\000r\000e\000\040\000t\000h\000e\000\040\000n\000u\000m\000b\000e\000r\000s\000?}{section.13}% 16
\BOOKMARK [2][-]{subsection.13.2}{\376\377\000H\000o\000w\000\040\000t\000r\000u\000s\000t\000w\000o\000r\000t\000h\000y\000\040\000i\000s\000\040\000t\000h\000e\000\040\000s\000o\000u\000r\000c\000e\000?}{section.13}% 17
\BOOKMARK [2][-]{subsection.13.3}{\376\377\000H\000o\000w\000\040\000t\000r\000u\000s\000t\000w\000o\000r\000t\000h\000y\000\040\000i\000s\000\040\000t\000h\000e\000\040\000i\000n\000t\000e\000r\000p\000r\000e\000t\000a\000t\000i\000o\000n\000?}{section.13}% 18
\BOOKMARK [1][-]{section.14}{\376\377\000A\000\040\000p\000i\000l\000o\000t\000\040\000s\000u\000r\000v\000e\000y\000\040\000o\000f\000\040\000c\000o\000m\000p\000u\000t\000a\000t\000i\000o\000n\000a\000l\000\040\000s\000c\000i\000e\000n\000c\000e}{}% 19
\BOOKMARK [2][-]{subsection.14.1}{\376\377\000S\000e\000l\000e\000c\000t\000e\000d\000\040\000j\000o\000u\000r\000n\000a\000l\000\040\000c\000a\000s\000e\000\040\000s\000t\000u\000d\000i\000e\000s}{section.14}% 20
\BOOKMARK [2][-]{subsection.14.2}{\376\377\000P\000i\000l\000o\000t\000\040\000p\000a\000p\000e\000r\000\040\000s\000a\000m\000p\000l\000e}{section.14}% 21
\BOOKMARK [2][-]{subsection.14.3}{\376\377\000S\000u\000m\000m\000a\000r\000y\000\040\000o\000f\000\040\000r\000e\000s\000u\000l\000t\000s}{section.14}% 22
\BOOKMARK [2][-]{subsection.14.4}{\376\377\000C\000u\000r\000r\000e\000n\000t\000\040\000c\000o\000d\000e\000\040\000p\000o\000l\000i\000c\000i\000e\000s\000\040\000o\000f\000\040\000s\000a\000m\000p\000l\000e\000d\000\040\000j\000o\000u\000r\000n\000a\000l\000s}{section.14}% 23
\BOOKMARK [2][-]{subsection.14.5}{\376\377\000A\000s\000s\000e\000s\000s\000m\000e\000n\000t\000\040\000c\000r\000i\000t\000e\000r\000i\000a\000\040\000a\000n\000d\000\040\000m\000e\000t\000h\000o\000d\000s}{section.14}% 24
\BOOKMARK [2][-]{subsection.14.6}{\376\377\000D\000e\000t\000e\000c\000t\000i\000n\000g\000\040\000a\000n\000d\000\040\000d\000e\000f\000e\000n\000d\000i\000n\000g\000\040\000a\000g\000a\000i\000n\000s\000t\000\040\000e\000r\000r\000o\000r}{section.14}% 25
\BOOKMARK [2][-]{subsection.14.7}{\376\377\000D\000e\000f\000e\000n\000d\000i\000n\000g\000\040\000a\000g\000a\000i\000n\000s\000t\000\040\000s\000y\000s\000t\000e\000m\000\040\000p\000r\000o\000b\000l\000e\000m\000s}{section.14}% 26
\BOOKMARK [2][-]{subsection.14.8}{\376\377\000P\000r\000o\000b\000l\000e\000m\000s\000\040\000o\000f\000\040\000r\000e\000s\000t\000r\000i\000c\000t\000i\000v\000e\000\040\000j\000o\000u\000r\000n\000a\000l\000\040\000p\000o\000l\000i\000c\000i\000e\000s}{section.14}% 27
\BOOKMARK [2][-]{subsection.14.9}{\376\377\000S\000a\000m\000p\000l\000e\000\040\000a\000s\000s\000e\000s\000s\000m\000e\000n\000t\000\040\000a\000n\000d\000\040\000s\000c\000o\000r\000i\000n\000g}{section.14}% 28
